15999 31981 15 5
15999 31999 14 8
16000 32001 17 7
16000 32003 15 4
16001 31993 15 4
16001 32001 14 5
16002 32005 20 3
16002 32005 16 7
16003 32005 17 8
16003 32009 16 7
16004 31981 13 3
16004 32011 17 5
16005 32009 22 4
16005 32011 18 9
16006 32013 18 8
16006 32011 14 5
16007 32005 16 3
16007 32017 18 7
16008 32017 21 7
16008 32017 16 8
16009 32001 14 5
16009 32021 17 7
16010 32017 15 3
16010 32023 18 9
16011 32021 20 5
16011 32011 15 7
16012 32025 20 9
16012 32027 17 6
16013 32017 15 3
16013 32029 17 5
16014 32021 16 3
16014 32029 16 5
16015 32029 18 6
16015 32033 19 5
16016 32029 18 3
16016 32031 13 6
16017 32033 18 6
16017 32035 18 7
16018 32037 19 6
16018 32039 16 7
16019 31981 13 3
16019 32041 15 6
16020 32041 19 7
16020 32041 17 5
16021 32041 21 4
16021 32041 14 7
16022 32041 15 5
16022 32047 18 8
16023 32045 19 6
16023 32047 15 5
16024 32041 17 4
16024 32051 17 8
16025 32041 18 6
16025 32053 16 6
16026 32053 17 5
16026 32041 13 4
16027 32053 18 6
16027 32057 17 7
16028 32053 16 5
16028 32059 19 5
16029 32041 16 4
16029 32059 14 6
16030 32061 18 8
16030 32063 17 6
16031 32053 15 3
16031 32061 13 6
16032 32065 19 8
16032 32065 13 6
16033 32065 17 5
16033 32069 18 4
16034 32041 12 3
16034 32071 18 4
16035 32069 18 6
16035 32071 18 4
16036 32073 19 7
16036 32071 13 5
16037 32065 21 5
16037 32077 18 6
16038 32077 17 4
16038 32077 14 4
16039 32061 15 5
16039 32081 18 9
16040 32077 20 5
16040 32083 17 6
16041 32081 19 3
16041 32071 12 6
16042 32085 19 7
16042 32087 18 4
16043 32077 19 4
16043 32089 20 6
16044 32081 17 6
16044 32089 15 5
16045 32089 20 5
16045 32093 16 6
16046 32089 16 6
16046 32091 13 6
16047 32093 16 5
16047 32095 15 6
16048 32097 21 4
16048 32099 17 4
16049 32041 14 2
16049 32101 17 8
16050 32101 17 5
16050 32101 17 5
16051 32101 17 6
16051 32101 13 5
16052 32101 17 7
16052 32107 19 4
16053 32105 20 7
16053 32107 14 4
16054 32101 16 5
16054 32111 17 3
16055 32101 15 6
16055 32113 17 6
16056 32113 21 6
16056 32101 12 3
16057 32113 19 6
16057 32117 20 9
16058 32113 15 5
16058 32119 19 4
16059 32101 16 3
16059 32119 18 4
16060 32121 19 3
16060 32123 18 5
16061 32113 19 6
16061 32121 13 6
16062 32125 17 7
16062 32125 15 6
16063 32125 17 7
16063 32129 18 3
16064 32101 15 4
16064 32131 20 7
16065 32129 18 4
16065 32131 14 5
16066 32133 22 5
16066 32131 15 4
16067 32125 14 4
16067 32137 17 4
16068 32137 19 5
16068 32137 14 4
16069 32121 19 4
16069 32141 17 5
16070 32137 17 3
16070 32143 15 6
16071 32141 19 7
16071 32131 12 2
16072 32145 18 6
16072 32147 17 6
16073 32137 15 2
16073 32149 18 7
16074 32141 14 5
16074 32149 15 5
16075 32149 20 6
16075 32153 17 8
16076 32149 20 4
16076 32151 16 5
16077 32153 20 5
16077 32155 14 5
16078 32157 17 6
16078 32159 17 7
16079 32101 13 2
16079 32161 18 9
16080 32161 18 6
16080 32161 15 6
16081 32161 19 5
16081 32161 15 3
16082 32161 14 5
16082 32167 17 8
16083 32165 18 3
16083 32167 14 6
16084 32161 15 4
16084 32171 16 4
16085 32161 19 5
16085 32173 16 6
16086 32173 17 3
16086 32161 15 4
16087 32173 18 7
16087 32177 18 5
16088 32173 20 4
16088 32179 15 5
16089 32161 16 3
16089 32179 15 6
16090 32181 19 7
16090 32183 18 5
16091 32173 16 6
16091 32181 14 3
16092 32185 20 4
16092 32185 15 4
16093 32185 21 4
16093 32189 19 7
16094 32161 14 3
16094 32191 17 5
16095 32189 17 5
16095 32191 15 6
16096 32193 20 3
16096 32191 14 3
16097 32185 15 3
16097 32197 17 8
16098 32197 17 6
16098 32197 15 7
16099 32181 16 4
16099 32201 18 4
16100 32197 19 6
16100 32203 18 7
16101 32201 28 5
16101 32191 12 4
16102 32205 18 7
16102 32207 16 4
16103 32197 16 4
16103 32209 16 4
16104 32201 17 4
16104 32209 15 6
16105 32209 19 5
16105 32213 21 6
16106 32209 15 4
16106 32211 15 3
16107 32213 19 3
16107 32215 15 9
16108 32217 20 6
16108 32219 18 7
16109 32161 14 2
16109 32221 15 6
16110 32221 18 8
16110 32221 17 4
16111 32221 16 6
16111 32221 13 4
16112 32221 18 6
16112 32227 15 6
16113 32225 19 6
16113 32227 14 5
16114 32221 16 4
16114 32231 18 6
16115 32221 16 5
16115 32233 18 3
16116 32233 18 7
16116 32221 14 4
16117 32233 21 4
16117 32237 16 9
16118 32233 17 6
16118 32239 18 6
16119 32221 14 4
16119 32239 20 6
16120 32241 21 5
16120 32243 17 7
16121 32233 16 5
16121 32241 14 3
16122 32245 19 6
16122 32245 16 6
16123 32245 19 4
16123 32249 18 6
16124 32221 14 4
16124 32251 16 7
16125 32249 21 3
16125 32251 15 5
16126 32253 20 6
16126 32251 14 4
16127 32245 15 3
16127 32257 15 6
16128 32257 19 6
16128 32257 14 3
16129 32241 15 3
16129 32261 15 6
16130 32257 16 4
16130 32263 19 8
16131 32261 18 8
16131 32251 12 3
16132 32265 19 5
16132 32267 17 6
16133 32257 20 2
16133 32269 18 4
16134 32261 16 4
16134 32269 17 5
16135 32269 19 5
16135 32273 14 7
16136 32269 20 4
16136 32271 14 5
16137 32273 17 6
16137 32275 14 6
16138 32277 17 6
16138 32279 17 5
16139 32221 15 2
16139 32281 18 5
16140 32281 18 7
16140 32281 15 6
16141 32281 19 4
16141 32281 15 3
16142 32281 16 5
16142 32287 16 9
16143 32285 18 7
16143 32287 15 6
16144 32281 17 3
16144 32291 16 3
16145 32281 16 4
16145 32293 19 7
16146 32293 18 6
16146 32281 12 5
16147 32293 19 5
16147 32297 18 4
16148 32293 15 5
16148 32299 17 7
16149 32281 17 3
16149 32299 14 6
16150 32301 20 5
16150 32303 15 4
16151 32293 15 2
16151 32301 14 6
16152 32305 21 6
16152 32305 18 5
16153 32305 21 5
16153 32309 17 4
16154 32281 14 3
16154 32311 17 7
16155 32309 20 3
16155 32311 14 5
16156 32313 19 3
16156 32311 16 4
16157 32305 18 4
16157 32317 16 3
16158 32317 19 6
16158 32317 16 5
16159 32301 14 3
16159 32321 16 6
16160 32317 17 5
16160 32323 16 5
16161 32321 16 4
16161 32311 11 3
16162 32325 18 4
16162 32327 16 6
16163 32317 16 3
16163 32329 19 6
16164 32321 17 4
16164 32329 18 6
16165 32329 26 5
16165 32333 17 7
16166 32329 17 7
16166 32331 13 4
16167 32333 19 5
16167 32335 18 4
16168 32337 20 3
16168 32339 17 7
16169 32281 14 2
16169 32341 18 6
16170 32341 17 4
16170 32341 15 5
16171 32341 20 5
16171 32341 14 4
16172 32341 17 5
16172 32347 18 6
16173 32345 22 6
16173 32347 13 4
16174 32341 15 2
16174 32351 16 5
16175 32341 15 4
16175 32353 16 6
16176 32353 20 5
16176 32341 12 2
16177 32353 20 4
16177 32357 17 5
16178 32353 16 3
16178 32359 18 7
16179 32341 16 4
16179 32359 15 4
16180 32361 19 4
16180 32363 18 8
16181 32353 21 2
16181 32361 14 4
16182 32365 20 4
16182 32365 15 2
16183 32365 17 5
16183 32369 16 7
16184 32341 16 3
16184 32371 16 8
16185 32369 20 4
16185 32371 16 4
16186 32373 19 5
16186 32371 13 4
16187 32365 17 3
16187 32377 17 4
16188 32377 20 5
16188 32377 14 5
16189 32361 18 3
16189 32381 16 6
16190 32377 16 3
16190 32383 15 7
16191 32381 18 3
16191 32371 12 3
16192 32385 21 6
16192 32387 20 6
16193 32377 17 3
16193 32389 17 4
16194 32381 15 4
16194 32389 14 4
16195 32389 17 4
16195 32393 17 5
16196 32389 17 4
16196 32391 12 5
16197 32393 24 3
16197 32395 15 3
16198 32397 20 6
16198 32399 16 6
16199 32341 14 1
16199 32401 16 4
16200 32401 21 5
16200 32401 15 3
16201 32401 21 5
16201 32401 15 3
16202 32401 16 2
16202 32407 16 5
16203 32405 21 3
16203 32407 15 3
16204 32401 17 2
16204 32411 17 5
16205 32401 17 2
16205 32413 16 6
16206 32413 18 5
16206 32401 12 2
16207 32413 19 5
16207 32417 16 6
16208 32413 18 3
16208 32419 18 6
16209 32401 16 2
16209 32419 14 3
16210 32421 19 4
16210 32423 17 5
16211 32413 18 3
16211 32421 14 3
16212 32425 18 5
16212 32425 14 5
16213 32425 25 4
16213 32429 14 3
16214 32401 15 1
16214 32431 16 4
16215 32429 21 3
16215 32431 16 3
16216 32433 22 3
16216 32431 13 3
16217 32425 18 2
16217 32437 15 4
16218 32437 20 3
16218 32437 14 4
16219 32421 17 1
16219 32441 15 5
16220 32437 19 2
16220 32443 15 4
16221 32441 23 3
16221 32431 12 1
16222 32445 22 4
16222 32447 16 3
16223 32437 16 1
16223 32449 15 3
16224 32441 18 1
16224 32449 15 3
16225 32449 21 2
16225 32453 15 2
16226 32449 17 1
16226 32451 13 1
16227 32453 22 1
16227 32455 14 1
16228 32457 23 1
16228 32459 15 1
16229 1 1 0
